<?xml version="1.0" encoding="utf-8"?><testsuites name="pytest tests"><testsuite name="pytest" errors="0" failures="0" skipped="0" tests="3" time="3.039" timestamp="2026-08-14T12:21:58.423643+00:00" hostname="agent-env-a4745640-e743-477b-977d-e4d743d877f7"><testcase classname="backend.tests.test_auto_schedule.TestAutoSchedule" name="test_freq_days_generates_calendar" time="1.878" /><testcase classname="backend.tests.test_auto_schedule.TestAutoSchedule" name="test_cascade_delete_removes_calendar" time="0.369" /><testcase classname="backend.tests.test_auto_schedule.TestAutoSchedule" name="test_empty_freq_days_creates_no_calendar" time="0.726" /></testsuite></testsuites>