<?xml version="1.0" encoding="utf-8"?><testsuites name="pytest tests"><testsuite name="pytest" errors="0" failures="0" skipped="0" tests="9" time="4.927" timestamp="2026-08-14T16:14:56.150789+00:00" hostname="agent-env-a4745640-e743-477b-977d-e4d743d877f7"><testcase classname="backend.tests.test_coach_toggle_entry" name="test_coach_can_toggle_done_true" time="2.797" /><testcase classname="backend.tests.test_coach_toggle_entry" name="test_hydrated_protocol_reflects_done_true" time="0.156" /><testcase classname="backend.tests.test_coach_toggle_entry" name="test_customer_sees_same_done_state" time="0.288" /><testcase classname="backend.tests.test_coach_toggle_entry" name="test_coach_can_toggle_done_false" time="0.324" /><testcase classname="backend.tests.test_coach_toggle_entry" name="test_unauth_returns_401" time="0.229" /><testcase classname="backend.tests.test_coach_toggle_entry" name="test_customer_token_cannot_use_coach_endpoint" time="0.148" /><testcase classname="backend.tests.test_coach_toggle_entry" name="test_foreign_proto_id_returns_404" time="0.146" /><testcase classname="backend.tests.test_coach_toggle_entry" name="test_bogus_entry_id_returns_404" time="0.182" /><testcase classname="backend.tests.test_coach_toggle_entry" name="test_customer_my_calendar_toggle_still_works" time="0.574" /></testsuite></testsuites>