<?xml version="1.0" encoding="utf-8"?><testsuites name="pytest tests"><testsuite name="pytest" errors="0" failures="0" skipped="0" tests="5" time="5.032" timestamp="2026-08-13T14:02:32.051253+00:00" hostname="agent-env-a4745640-e743-477b-977d-e4d743d877f7"><testcase classname="backend.tests.test_coaching_stage45.TestCoachingLifecycle" name="test_full_lifecycle_and_payment_gate" time="2.577" /><testcase classname="backend.tests.test_coaching_stage45.TestMessaging" name="test_bidirectional_messaging" time="0.651" /><testcase classname="backend.tests.test_coaching_stage45.TestAtRisk" name="test_at_risk_counts_past_undone" time="0.583" /><testcase classname="backend.tests.test_coaching_stage45.TestSecurity" name="test_customer_b_cannot_see_customer_a_protocol" time="0.880" /><testcase classname="backend.tests.test_coaching_stage45.TestSecurity" name="test_coach_cannot_post_to_foreign_client" time="0.263" /></testsuite></testsuites>