<?xml version="1.0" encoding="utf-8"?><testsuites name="pytest tests"><testsuite name="pytest" errors="0" failures="0" skipped="0" tests="5" time="7.716" timestamp="2026-08-15T11:33:00.306448+00:00" hostname="agent-env-a4745640-e743-477b-977d-e4d743d877f7"><testcase classname="backend.tests.test_duration_cascade.TestExtend" name="test_extend_duration_adds_entries_preserves_originals" time="2.148" /><testcase classname="backend.tests.test_duration_cascade.TestShorten" name="test_shorten_removes_entries_beyond_new_week" time="1.041" /><testcase classname="backend.tests.test_duration_cascade.TestSameDurationNoCascade" name="test_title_only_edit_does_not_touch_calendar" time="1.053" /><testcase classname="backend.tests.test_duration_cascade.TestCascadePreservesDone" name="test_extend_preserves_done_and_new_entries_default_false" time="1.344" /><testcase classname="backend.tests.test_duration_cascade.TestForeignCoachAuthz" name="test_other_coach_cannot_edit_protocol" time="1.868" /></testsuite></testsuites>