<?xml version="1.0" encoding="utf-8"?><testsuites name="pytest tests"><testsuite name="pytest" errors="0" failures="0" skipped="0" tests="2" time="2.885" timestamp="2026-08-14T15:25:47.790339+00:00" hostname="agent-env-a4745640-e743-477b-977d-e4d743d877f7"><testcase classname="backend.tests.test_my_protocol_hydration" name="test_my_protocol_hydrates_product_fields" time="2.562" /><testcase classname="backend.tests.test_my_protocol_hydration" name="test_cart_context_no_prescribed_endpoint_dependency" time="0.257" /></testsuite></testsuites>