<?xml version="1.0" encoding="utf-8"?><testsuites name="pytest tests"><testsuite name="pytest" errors="0" failures="0" skipped="0" tests="10" time="1.591" timestamp="2026-08-17T11:41:01.794454+00:00" hostname="agent-env-a4745640-e743-477b-977d-e4d743d877f7"><testcase classname="backend.tests.test_oral_peptides.TestCategories" name="test_oral_peptides_in_categories" time="0.180" /><testcase classname="backend.tests.test_oral_peptides.TestCategories" name="test_oral_peptides_image_serves" time="0.214" /><testcase classname="backend.tests.test_oral_peptides.TestOralProducts" name="test_products_count_and_shape" time="0.073" /><testcase classname="backend.tests.test_oral_peptides.TestOralProducts" name="test_slupp_combo_slug_resolves" time="0.138" /><testcase classname="backend.tests.test_oral_peptides.TestRegression" name="test_existing_categories[pens]" time="0.066" /><testcase classname="backend.tests.test_oral_peptides.TestRegression" name="test_existing_categories[vials]" time="0.067" /><testcase classname="backend.tests.test_oral_peptides.TestRegression" name="test_existing_categories[nasals]" time="0.065" /><testcase classname="backend.tests.test_oral_peptides.TestRegression" name="test_existing_categories[syringes-and-wipes]" time="0.066" /><testcase classname="backend.tests.test_oral_peptides.TestRegression" name="test_existing_categories[bundles]" time="0.066" /><testcase classname="backend.tests.test_oral_peptides.TestCartOralProduct" name="test_admin_stock_bump_and_cart" time="0.586" /></testsuite></testsuites>