<?xml version="1.0" encoding="utf-8"?><testsuites name="pytest tests"><testsuite name="pytest" errors="0" failures="0" skipped="0" tests="13" time="3.432" timestamp="2026-08-17T12:21:33.963912+00:00" hostname="agent-env-a4745640-e743-477b-977d-e4d743d877f7"><testcase classname="backend.tests.test_orals_seed.TestSeedOralsEndpoint" name="test_unauthenticated_returns_401" time="0.287" /><testcase classname="backend.tests.test_orals_seed.TestSeedOralsEndpoint" name="test_seed_orals_idempotent" time="0.678" /><testcase classname="backend.tests.test_orals_seed.TestOralPeptidesCatalog" name="test_categories_include_oral_peptides" time="0.334" /><testcase classname="backend.tests.test_orals_seed.TestOralPeptidesCatalog" name="test_products_oral_peptides_all_use_static_orals_path" time="0.329" /><testcase classname="backend.tests.test_orals_seed.TestOralStaticImages" name="test_static_tub_image_served[slupp-332-50mg.png]" time="0.203" /><testcase classname="backend.tests.test_orals_seed.TestOralStaticImages" name="test_static_tub_image_served[methylene-blue-20mg.png]" time="0.267" /><testcase classname="backend.tests.test_orals_seed.TestOralStaticImages" name="test_static_tub_image_served[bam15-50mg.png]" time="0.271" /><testcase classname="backend.tests.test_orals_seed.TestOralStaticImages" name="test_static_tub_image_served[tirzepatide-500mcg.png]" time="0.285" /><testcase classname="backend.tests.test_orals_seed.TestOtherCategoriesStillOk" name="test_category_products_still_reachable[vials]" time="0.187" /><testcase classname="backend.tests.test_orals_seed.TestOtherCategoriesStillOk" name="test_category_products_still_reachable[nasals]" time="0.136" /><testcase classname="backend.tests.test_orals_seed.TestOtherCategoriesStillOk" name="test_category_products_still_reachable[pens]" time="0.139" /><testcase classname="backend.tests.test_orals_seed.TestOtherCategoriesStillOk" name="test_category_products_still_reachable[syringes-and-wipes]" time="0.104" /><testcase classname="backend.tests.test_orals_seed.TestOtherCategoriesStillOk" name="test_category_products_still_reachable[bundles]" time="0.130" /></testsuite></testsuites>