<?xml version="1.0" encoding="utf-8"?><testsuites name="pytest tests"><testsuite name="pytest" errors="0" failures="0" skipped="0" tests="7" time="77.664" timestamp="2026-08-16T13:05:13.890718+00:00" hostname="agent-env-a4745640-e743-477b-977d-e4d743d877f7"><testcase classname="backend.tests.test_paylink_price.TestHappyPath" name="test_override_price_persists_on_proto_and_order" time="1.709" /><testcase classname="backend.tests.test_paylink_price.TestFallback" name="test_empty_body_uses_default_price" time="0.889" /><testcase classname="backend.tests.test_paylink_price.TestRegenerate" name="test_second_post_replaces_previous_order" time="1.405" /><testcase classname="backend.tests.test_paylink_price.TestPaidGuard" name="test_cannot_regenerate_after_paid" time="1.422" /><testcase classname="backend.tests.test_paylink_price.TestValidation" name="test_non_positive_price_rejected[0]" time="0.891" /><testcase classname="backend.tests.test_paylink_price.TestValidation" name="test_non_positive_price_rejected[-5]" time="0.982" /><testcase classname="backend.tests.test_paylink_price.TestAuthz" name="test_foreign_coach_and_unauth" time="70.282" /></testsuite></testsuites>