<?xml version="1.0" encoding="utf-8"?><testsuites name="pytest tests"><testsuite name="pytest" errors="0" failures="0" skipped="0" tests="11" time="9.385" timestamp="2026-08-14T15:24:59.315022+00:00" hostname="agent-env-a4745640-e743-477b-977d-e4d743d877f7"><testcase classname="backend.tests.test_prescribed_cart.TestVialCalc" name="test_weekly_and_total_mg_and_vials" time="2.542" /><testcase classname="backend.tests.test_prescribed_cart.TestVialCalc" name="test_mcg_unit_conversion" time="0.396" /><testcase classname="backend.tests.test_prescribed_cart.TestVialCalc" name="test_am_pm_doubles_doses" time="0.396" /><testcase classname="backend.tests.test_prescribed_cart.TestPushToCart" name="test_push_creates_record" time="0.513" /><testcase classname="backend.tests.test_prescribed_cart.TestPushToCart" name="test_repeated_push_replaces" time="0.713" /><testcase classname="backend.tests.test_prescribed_cart.TestPushToCart" name="test_push_without_product_400" time="0.446" /><testcase classname="backend.tests.test_prescribed_cart.TestPushToCart" name="test_push_without_dose_or_vial_400" time="0.941" /><testcase classname="backend.tests.test_prescribed_cart.TestPushCap" name="test_over_100_vials_returns_400" time="0.395" /><testcase classname="backend.tests.test_prescribed_cart.TestCustomerViewAndConsume" name="test_customer_get_and_consume" time="0.987" /><testcase classname="backend.tests.test_prescribed_cart.TestCascadeDeleteUnconsumed" name="test_delete_item_removes_unconsumed_push_but_keeps_consumed" time="1.247" /><testcase classname="backend.tests.test_prescribed_cart.TestAdminProductVialStrength" name="test_put_persists_vial_strength" time="0.745" /></testsuite></testsuites>