<?xml version="1.0" encoding="utf-8"?><testsuites name="pytest tests"><testsuite name="pytest" errors="0" failures="0" skipped="0" tests="10" time="4.018" timestamp="2026-08-14T16:49:20.857739+00:00" hostname="agent-env-a4745640-e743-477b-977d-e4d743d877f7"><testcase classname="tests.test_vial_strength_inference" name="test_helper_variant_matches_first" time="0.293" /><testcase classname="tests.test_vial_strength_inference" name="test_helper_falls_back_to_any_variant" time="0.000" /><testcase classname="tests.test_vial_strength_inference" name="test_helper_regex_on_variant_label" time="0.000" /><testcase classname="tests.test_vial_strength_inference" name="test_helper_regex_on_product_name" time="0.000" /><testcase classname="tests.test_vial_strength_inference" name="test_helper_none_when_no_signal" time="0.000" /><testcase classname="tests.test_vial_strength_inference" name="test_helper_precedence_variant_wins_over_name_regex" time="0.000" /><testcase classname="tests.test_vial_strength_inference" name="test_add_item_infers_from_name_regex_when_no_variants" time="2.491" /><testcase classname="tests.test_vial_strength_inference" name="test_add_item_infers_from_variant_vial" time="0.133" /><testcase classname="tests.test_vial_strength_inference" name="test_hydrate_backfills_null_vial_strength" time="0.185" /><testcase classname="tests.test_vial_strength_inference" name="test_sarah_tb500_hydrated_to_10" time="0.837" /></testsuite></testsuites>