<?xml version="1.0" encoding="utf-8"?><testsuites name="pytest tests"><testsuite name="pytest" errors="0" failures="0" skipped="0" tests="10" time="4.702" timestamp="2026-07-27T13:04:53.880584+00:00" hostname="agent-env-a4745640-e743-477b-977d-e4d743d877f7"><testcase classname="backend.tests.test_wallid_retry_flow.TestOrderCreation" name="test_create_order_returns_single_order" time="0.461" /><testcase classname="backend.tests.test_wallid_retry_flow.TestWallidRetryReusesOrder" name="test_wallid_config_endpoint" time="0.115" /><testcase classname="backend.tests.test_wallid_retry_flow.TestWallidRetryReusesOrder" name="test_create_payment_missing_order_returns_404_or_400" time="0.241" /><testcase classname="backend.tests.test_wallid_retry_flow.TestWallidRetryReusesOrder" name="test_create_payment_reuse_does_not_create_duplicate_order" time="2.288" /><testcase classname="backend.tests.test_wallid_retry_flow.TestAdminMarkPaidAndConfirmation" name="test_mark_order_paid_and_verify_persistence" time="0.330" /><testcase classname="backend.tests.test_wallid_retry_flow.TestAdminMarkPaidAndConfirmation" name="test_get_order_by_number_for_confirmation_page" time="0.343" /><testcase classname="backend.tests.test_wallid_retry_flow.TestAdminBulkSync" name="test_sync_pending_endpoint" time="0.477" /><testcase classname="backend.tests.test_wallid_retry_flow.TestRegressionAdminPages" name="test_ambassadors_endpoint" time="0.053" /><testcase classname="backend.tests.test_wallid_retry_flow.TestRegressionAdminPages" name="test_coas_endpoint" time="0.054" /><testcase classname="backend.tests.test_wallid_retry_flow.TestRegressionAdminPages" name="test_products_admin_list" time="0.058" /></testsuite></testsuites>