<?xml version="1.0" encoding="utf-8"?><testsuites name="pytest tests"><testsuite name="pytest" errors="0" failures="0" skipped="0" tests="13" time="6.849" timestamp="2026-08-14T17:55:03.982208+00:00" hostname="agent-env-a4745640-e743-477b-977d-e4d743d877f7"><testcase classname="tests.test_weigh_ins" name="test_upsert_same_date_updates_same_row" time="2.336" /><testcase classname="tests.test_weigh_ins" name="test_delete_removes_row" time="0.732" /><testcase classname="tests.test_weigh_ins" name="test_target_weight_patch_persists" time="0.747" /><testcase classname="tests.test_weigh_ins" name="test_no_coaching_get_returns_empty" time="0.525" /><testcase classname="tests.test_weigh_ins" name="test_no_coaching_post_returns_404" time="0.206" /><testcase classname="tests.test_weigh_ins" name="test_no_coaching_patch_target_returns_404" time="0.192" /><testcase classname="tests.test_weigh_ins" name="test_no_coaching_delete_returns_404" time="0.125" /><testcase classname="tests.test_weigh_ins" name="test_coach_can_read_client_weigh_ins" time="0.239" /><testcase classname="tests.test_weigh_ins" name="test_coach_can_set_target_for_client" time="0.383" /><testcase classname="tests.test_weigh_ins" name="test_coach_404_on_foreign_client" time="0.313" /><testcase classname="tests.test_weigh_ins" name="test_empty_payload_is_422" time="0.155" /><testcase classname="tests.test_weigh_ins" name="test_missing_weight_is_422" time="0.169" /><testcase classname="tests.test_weigh_ins" name="test_sarah_seeded_weigh_ins_present" time="0.481" /></testsuite></testsuites>